[I 22:24:42.808 NotebookApp] Writing notebook server cookie secret to /home/fabre/.local/share/jupyter/runtime/notebook_cookie_secret
[I 2022-05-23 22:24:43.297 LabApp] JupyterLab extension loaded from /home/fabre/.virtualenvs/jupyterML/lib/python3.8/site-packages/jupyterlab
[I 2022-05-23 22:24:43.297 LabApp] JupyterLab application directory is /home/fabre/.virtualenvs/jupyterML/share/jupyter/lab
[I 22:24:43.302 NotebookApp] Serving notebooks from local directory: /home/fabre/Desktop/perceptronac
[I 22:24:43.302 NotebookApp] Jupyter Notebook 6.4.11 is running at:
[I 22:24:43.302 NotebookApp] http://localhost:8888/?token=10ce53111865cde02c1ed9f8d66ef8c93cb2d440591eb330
[I 22:24:43.302 NotebookApp]  or http://127.0.0.1:8888/?token=10ce53111865cde02c1ed9f8d66ef8c93cb2d440591eb330
[I 22:24:43.302 NotebookApp] Use Control-C to stop this server and shut down all kernels (twice to skip confirmation).
[C 22:24:43.305 NotebookApp] 
    
    To access the notebook, open this file in a browser:
        file:///home/fabre/.local/share/jupyter/runtime/nbserver-71498-open.html
    Or copy and paste one of these URLs:
        http://localhost:8888/?token=10ce53111865cde02c1ed9f8d66ef8c93cb2d440591eb330
     or http://127.0.0.1:8888/?token=10ce53111865cde02c1ed9f8d66ef8c93cb2d440591eb330
[I 22:25:54.066 NotebookApp] 302 GET / (127.0.0.1) 0.440000ms
[I 22:25:54.085 NotebookApp] 302 GET /tree? (127.0.0.1) 0.750000ms
[I 22:26:34.936 NotebookApp] 302 POST /login?next=%2Ftree%3F (127.0.0.1) 0.640000ms
[I 22:26:46.726 NotebookApp] Writing notebook-signing key to /home/fabre/.local/share/jupyter/notebook_secret
[W 22:26:46.726 NotebookApp] Notebook scripts/perceptron_coding.ipynb is not trusted
[I 22:26:47.199 NotebookApp] Kernel started: 3b7aabbf-d644-4a4d-ab5a-27720857e60b, name: python3
[IPKernelApp] ERROR | No such comm target registered: jupyter.widget.control
[IPKernelApp] WARNING | No such comm: 4434a37b-f486-436e-af66-7749e8b39912
[I 23:22:47.335 NotebookApp] Starting buffering for 3b7aabbf-d644-4a4d-ab5a-27720857e60b:3df96052cac54bbd8928f69d798db323
[I 23:23:10.363 NotebookApp] 302 GET / (127.0.0.1) 1.230000ms
[I 23:23:10.377 NotebookApp] 302 GET /tree? (127.0.0.1) 0.400000ms
[W 23:23:41.775 NotebookApp] 401 POST /login?next=%2Ftree%3F (127.0.0.1) 3.570000ms referer=http://localhost:8889/login?next=%2Ftree%3F
[I 23:23:45.688 NotebookApp] 302 POST /login?next=%2Ftree%3F (127.0.0.1) 2.640000ms
[I 23:24:53.847 NotebookApp] 302 GET / (127.0.0.1) 1.030000ms
[IPKernelApp] WARNING | Parent appears to have exited, shutting down.
[I 2022-06-06 23:43:56.643 LabApp] JupyterLab extension loaded from /home/fabre/.virtualenvs/jupyterML/lib/python3.8/site-packages/jupyterlab
[I 2022-06-06 23:43:56.663 LabApp] JupyterLab application directory is /home/fabre/.virtualenvs/jupyterML/share/jupyter/lab
[I 23:43:56.669 NotebookApp] Serving notebooks from local directory: /home/fabre/Desktop/perceptronac
[I 23:43:56.669 NotebookApp] Jupyter Notebook 6.4.11 is running at:
[I 23:43:56.669 NotebookApp] http://localhost:8888/?token=e6e863d7cd084d4c86d65834f5dbda40270fb449994998b5
[I 23:43:56.669 NotebookApp]  or http://127.0.0.1:8888/?token=e6e863d7cd084d4c86d65834f5dbda40270fb449994998b5
[I 23:43:56.669 NotebookApp] Use Control-C to stop this server and shut down all kernels (twice to skip confirmation).
[C 23:43:56.682 NotebookApp] 
    
    To access the notebook, open this file in a browser:
        file:///home/fabre/.local/share/jupyter/runtime/nbserver-243390-open.html
    Or copy and paste one of these URLs:
        http://localhost:8888/?token=e6e863d7cd084d4c86d65834f5dbda40270fb449994998b5
     or http://127.0.0.1:8888/?token=e6e863d7cd084d4c86d65834f5dbda40270fb449994998b5
[I 23:46:04.100 NotebookApp] 302 GET / (127.0.0.1) 1.260000ms
[W 23:46:15.182 NotebookApp] Notebook scripts/perceptron_coding.ipynb is not trusted
[I 23:46:15.606 NotebookApp] Kernel started: 10b20b74-b152-4826-aee5-3ee5642354c6, name: python3
[IPKernelApp] ERROR | No such comm target registered: jupyter.widget.control
[IPKernelApp] WARNING | No such comm: a220353e-a7a3-4fbf-a95d-3f00d2489b85
[I 00:04:15.994 NotebookApp] Saving file at /scripts/perceptron_coding.ipynb
[W 00:04:15.995 NotebookApp] Notebook scripts/perceptron_coding.ipynb is not trusted
[I 00:08:15.613 NotebookApp] Saving file at /scripts/perceptron_coding.ipynb
[W 00:08:15.614 NotebookApp] Notebook scripts/perceptron_coding.ipynb is not trusted
[I 00:10:15.656 NotebookApp] Saving file at /scripts/perceptron_coding.ipynb
[W 00:10:15.657 NotebookApp] Notebook scripts/perceptron_coding.ipynb is not trusted
[I 00:16:15.668 NotebookApp] Saving file at /scripts/perceptron_coding.ipynb
[W 00:16:15.669 NotebookApp] Notebook scripts/perceptron_coding.ipynb is not trusted
[I 00:18:15.676 NotebookApp] Saving file at /scripts/perceptron_coding.ipynb
[W 00:18:15.677 NotebookApp] Notebook scripts/perceptron_coding.ipynb is not trusted
[I 00:20:15.634 NotebookApp] Saving file at /scripts/perceptron_coding.ipynb
[W 00:20:15.635 NotebookApp] Notebook scripts/perceptron_coding.ipynb is not trusted
[I 00:22:15.684 NotebookApp] Saving file at /scripts/perceptron_coding.ipynb
[W 00:22:15.685 NotebookApp] Notebook scripts/perceptron_coding.ipynb is not trusted
[I 00:24:15.644 NotebookApp] Saving file at /scripts/perceptron_coding.ipynb
[W 00:24:15.645 NotebookApp] Notebook scripts/perceptron_coding.ipynb is not trusted
[I 00:25:08.991 NotebookApp] Saving file at /scripts/perceptron_coding.ipynb
[W 00:25:08.992 NotebookApp] Notebook scripts/perceptron_coding.ipynb is not trusted
[I 00:26:15.672 NotebookApp] Saving file at /scripts/perceptron_coding.ipynb
[W 00:26:15.673 NotebookApp] Notebook scripts/perceptron_coding.ipynb is not trusted
[I 00:28:15.692 NotebookApp] Saving file at /scripts/perceptron_coding.ipynb
[W 00:28:15.693 NotebookApp] Notebook scripts/perceptron_coding.ipynb is not trusted
[I 00:30:15.684 NotebookApp] Saving file at /scripts/perceptron_coding.ipynb
[W 00:30:15.685 NotebookApp] Notebook scripts/perceptron_coding.ipynb is not trusted
[I 00:32:15.672 NotebookApp] Saving file at /scripts/perceptron_coding.ipynb
[W 00:32:15.673 NotebookApp] Notebook scripts/perceptron_coding.ipynb is not trusted
[I 00:34:15.688 NotebookApp] Saving file at /scripts/perceptron_coding.ipynb
[W 00:34:15.689 NotebookApp] Notebook scripts/perceptron_coding.ipynb is not trusted
[I 00:36:15.623 NotebookApp] Saving file at /scripts/perceptron_coding.ipynb
[I 00:38:15.647 NotebookApp] Saving file at /scripts/perceptron_coding.ipynb
[I 00:40:15.655 NotebookApp] Saving file at /scripts/perceptron_coding.ipynb
[I 00:42:15.692 NotebookApp] Saving file at /scripts/perceptron_coding.ipynb
[I 01:37:30.387 NotebookApp] Saving file at /scripts/perceptron_coding.ipynb
[I 01:39:29.436 NotebookApp] Starting buffering for 10b20b74-b152-4826-aee5-3ee5642354c6:a51f29e48bce4778b265362b5cb35cd4
[IPKernelApp] WARNING | Parent appears to have exited, shutting down.
[I 2022-06-07 09:14:33.432 LabApp] JupyterLab extension loaded from /home/fabre/.virtualenvs/jupyterML/lib/python3.8/site-packages/jupyterlab
[I 2022-06-07 09:14:33.432 LabApp] JupyterLab application directory is /home/fabre/.virtualenvs/jupyterML/share/jupyter/lab
[I 09:14:33.435 NotebookApp] Serving notebooks from local directory: /home/fabre/Desktop/perceptronac
[I 09:14:33.435 NotebookApp] Jupyter Notebook 6.4.11 is running at:
[I 09:14:33.435 NotebookApp] http://localhost:8888/?token=b9c85b964674401fe4c9253ba315658fd28d83a7007a586b
[I 09:14:33.435 NotebookApp]  or http://127.0.0.1:8888/?token=b9c85b964674401fe4c9253ba315658fd28d83a7007a586b
[I 09:14:33.435 NotebookApp] Use Control-C to stop this server and shut down all kernels (twice to skip confirmation).
[C 09:14:33.437 NotebookApp] 
    
    To access the notebook, open this file in a browser:
        file:///home/fabre/.local/share/jupyter/runtime/nbserver-249178-open.html
    Or copy and paste one of these URLs:
        http://localhost:8888/?token=b9c85b964674401fe4c9253ba315658fd28d83a7007a586b
     or http://127.0.0.1:8888/?token=b9c85b964674401fe4c9253ba315658fd28d83a7007a586b
[I 09:14:45.318 NotebookApp] 302 GET / (127.0.0.1) 0.510000ms
[W 09:15:17.206 NotebookApp] Notebook scripts/perceptron_coding.ipynb is not trusted
[I 09:15:17.655 NotebookApp] Kernel started: 731f10a8-abbc-44c7-9312-16b9458c349d, name: python3
[IPKernelApp] ERROR | No such comm target registered: jupyter.widget.control
[IPKernelApp] WARNING | No such comm: 7e5dcc78-48cb-468b-850e-281d1902ff17
[I 09:17:17.732 NotebookApp] Saving file at /scripts/perceptron_coding.ipynb
[W 09:17:17.734 NotebookApp] Notebook scripts/perceptron_coding.ipynb is not trusted
[I 09:18:05.740 NotebookApp] Saving file at /scripts/perceptron_coding.ipynb
[W 09:18:05.741 NotebookApp] Notebook scripts/perceptron_coding.ipynb is not trusted
[I 09:19:17.666 NotebookApp] Saving file at /scripts/perceptron_coding.ipynb
[W 09:19:17.666 NotebookApp] Notebook scripts/perceptron_coding.ipynb is not trusted
[I 09:21:17.670 NotebookApp] Saving file at /scripts/perceptron_coding.ipynb
[W 09:21:17.670 NotebookApp] Notebook scripts/perceptron_coding.ipynb is not trusted
[I 09:23:17.686 NotebookApp] Saving file at /scripts/perceptron_coding.ipynb
[W 09:23:17.686 NotebookApp] Notebook scripts/perceptron_coding.ipynb is not trusted
[I 09:25:17.726 NotebookApp] Saving file at /scripts/perceptron_coding.ipynb
[W 09:25:17.727 NotebookApp] Notebook scripts/perceptron_coding.ipynb is not trusted
[I 09:27:17.683 NotebookApp] Saving file at /scripts/perceptron_coding.ipynb
[W 09:27:17.684 NotebookApp] Notebook scripts/perceptron_coding.ipynb is not trusted
[I 09:29:17.718 NotebookApp] Saving file at /scripts/perceptron_coding.ipynb
[W 09:29:17.719 NotebookApp] Notebook scripts/perceptron_coding.ipynb is not trusted
[I 09:31:17.690 NotebookApp] Saving file at /scripts/perceptron_coding.ipynb
[W 09:31:17.690 NotebookApp] Notebook scripts/perceptron_coding.ipynb is not trusted
[I 09:33:17.738 NotebookApp] Saving file at /scripts/perceptron_coding.ipynb
[W 09:33:17.739 NotebookApp] Notebook scripts/perceptron_coding.ipynb is not trusted
[I 09:35:17.679 NotebookApp] Saving file at /scripts/perceptron_coding.ipynb
[W 09:35:17.680 NotebookApp] Notebook scripts/perceptron_coding.ipynb is not trusted
[I 09:37:17.683 NotebookApp] Saving file at /scripts/perceptron_coding.ipynb
[W 09:37:17.683 NotebookApp] Notebook scripts/perceptron_coding.ipynb is not trusted
[I 09:39:17.726 NotebookApp] Saving file at /scripts/perceptron_coding.ipynb
[W 09:39:17.727 NotebookApp] Notebook scripts/perceptron_coding.ipynb is not trusted
[I 09:41:17.742 NotebookApp] Saving file at /scripts/perceptron_coding.ipynb
[W 09:41:17.743 NotebookApp] Notebook scripts/perceptron_coding.ipynb is not trusted
[I 09:43:17.748 NotebookApp] Saving file at /scripts/perceptron_coding.ipynb
[W 09:43:17.749 NotebookApp] Notebook scripts/perceptron_coding.ipynb is not trusted
[I 12:01:18.120 NotebookApp] Saving file at /scripts/perceptron_coding.ipynb
[W 12:01:18.121 NotebookApp] Notebook scripts/perceptron_coding.ipynb is not trusted
[I 12:03:18.138 NotebookApp] Saving file at /scripts/perceptron_coding.ipynb
[W 12:03:18.139 NotebookApp] Notebook scripts/perceptron_coding.ipynb is not trusted
[I 12:05:18.110 NotebookApp] Saving file at /scripts/perceptron_coding.ipynb
[W 12:05:18.111 NotebookApp] Notebook scripts/perceptron_coding.ipynb is not trusted
[I 12:07:18.138 NotebookApp] Saving file at /scripts/perceptron_coding.ipynb
[W 12:07:18.139 NotebookApp] Notebook scripts/perceptron_coding.ipynb is not trusted
[I 12:09:18.142 NotebookApp] Saving file at /scripts/perceptron_coding.ipynb
[W 12:09:18.143 NotebookApp] Notebook scripts/perceptron_coding.ipynb is not trusted
[I 12:11:18.150 NotebookApp] Saving file at /scripts/perceptron_coding.ipynb
[W 12:11:18.151 NotebookApp] Notebook scripts/perceptron_coding.ipynb is not trusted
[I 12:13:18.146 NotebookApp] Saving file at /scripts/perceptron_coding.ipynb
[W 12:13:18.147 NotebookApp] Notebook scripts/perceptron_coding.ipynb is not trusted
[I 12:15:18.146 NotebookApp] Saving file at /scripts/perceptron_coding.ipynb
[W 12:15:18.147 NotebookApp] Notebook scripts/perceptron_coding.ipynb is not trusted
[I 12:17:18.146 NotebookApp] Saving file at /scripts/perceptron_coding.ipynb
[W 12:17:18.147 NotebookApp] Notebook scripts/perceptron_coding.ipynb is not trusted
[I 12:19:18.138 NotebookApp] Saving file at /scripts/perceptron_coding.ipynb
[W 12:19:18.139 NotebookApp] Notebook scripts/perceptron_coding.ipynb is not trusted
[I 12:21:18.150 NotebookApp] Saving file at /scripts/perceptron_coding.ipynb
[W 12:21:18.151 NotebookApp] Notebook scripts/perceptron_coding.ipynb is not trusted
[I 12:23:18.154 NotebookApp] Saving file at /scripts/perceptron_coding.ipynb
[W 12:23:18.155 NotebookApp] Notebook scripts/perceptron_coding.ipynb is not trusted
[I 12:25:18.150 NotebookApp] Saving file at /scripts/perceptron_coding.ipynb
[W 12:25:18.151 NotebookApp] Notebook scripts/perceptron_coding.ipynb is not trusted
[I 12:27:18.150 NotebookApp] Saving file at /scripts/perceptron_coding.ipynb
[W 12:27:18.151 NotebookApp] Notebook scripts/perceptron_coding.ipynb is not trusted
[I 12:29:18.158 NotebookApp] Saving file at /scripts/perceptron_coding.ipynb
[W 12:29:18.159 NotebookApp] Notebook scripts/perceptron_coding.ipynb is not trusted
[I 12:31:18.150 NotebookApp] Saving file at /scripts/perceptron_coding.ipynb
[W 12:31:18.151 NotebookApp] Notebook scripts/perceptron_coding.ipynb is not trusted
[I 12:33:18.154 NotebookApp] Saving file at /scripts/perceptron_coding.ipynb
[W 12:33:18.155 NotebookApp] Notebook scripts/perceptron_coding.ipynb is not trusted
[I 12:35:18.114 NotebookApp] Saving file at /scripts/perceptron_coding.ipynb
[W 12:35:18.114 NotebookApp] Notebook scripts/perceptron_coding.ipynb is not trusted
[I 14:21:01.930 NotebookApp] Starting buffering for 731f10a8-abbc-44c7-9312-16b9458c349d:f81ce3a66e19422e8ef58151083bf679
[IPKernelApp] WARNING | Parent appears to have exited, shutting down.
[I 2022-06-07 19:15:11.916 LabApp] JupyterLab extension loaded from /home/fabre/.virtualenvs/jupyterML/lib/python3.8/site-packages/jupyterlab
[I 2022-06-07 19:15:11.916 LabApp] JupyterLab application directory is /home/fabre/.virtualenvs/jupyterML/share/jupyter/lab
[I 19:15:11.919 NotebookApp] Serving notebooks from local directory: /home/fabre/Desktop/perceptronac
[I 19:15:11.919 NotebookApp] Jupyter Notebook 6.4.11 is running at:
[I 19:15:11.919 NotebookApp] http://localhost:8888/?token=75a4cc1b791c6291a30cc4255f0194468a541957b33e373f
[I 19:15:11.919 NotebookApp]  or http://127.0.0.1:8888/?token=75a4cc1b791c6291a30cc4255f0194468a541957b33e373f
[I 19:15:11.919 NotebookApp] Use Control-C to stop this server and shut down all kernels (twice to skip confirmation).
[C 19:15:11.921 NotebookApp] 
    
    To access the notebook, open this file in a browser:
        file:///home/fabre/.local/share/jupyter/runtime/nbserver-261171-open.html
    Or copy and paste one of these URLs:
        http://localhost:8888/?token=75a4cc1b791c6291a30cc4255f0194468a541957b33e373f
     or http://127.0.0.1:8888/?token=75a4cc1b791c6291a30cc4255f0194468a541957b33e373f
[I 19:15:27.162 NotebookApp] 302 GET / (127.0.0.1) 0.570000ms
[W 19:15:41.874 NotebookApp] Notebook scripts/perceptron_coding.ipynb is not trusted
[I 19:15:42.345 NotebookApp] Kernel started: b6bda3e7-bf3c-475f-ab81-58b2ab6fa243, name: python3
[IPKernelApp] ERROR | No such comm target registered: jupyter.widget.control
[IPKernelApp] WARNING | No such comm: 390ead57-0dea-471f-935f-539274128f37
[I 19:17:42.383 NotebookApp] Saving file at /scripts/perceptron_coding.ipynb
[W 19:17:42.384 NotebookApp] Notebook scripts/perceptron_coding.ipynb is not trusted
[I 19:19:42.366 NotebookApp] Saving file at /scripts/perceptron_coding.ipynb
[W 19:19:42.367 NotebookApp] Notebook scripts/perceptron_coding.ipynb is not trusted
[I 19:21:42.406 NotebookApp] Saving file at /scripts/perceptron_coding.ipynb
[W 19:21:42.407 NotebookApp] Notebook scripts/perceptron_coding.ipynb is not trusted
[I 19:23:43.765 NotebookApp] Saving file at /scripts/perceptron_coding.ipynb
[W 19:23:43.765 NotebookApp] Notebook scripts/perceptron_coding.ipynb is not trusted
[I 19:25:42.390 NotebookApp] Saving file at /scripts/perceptron_coding.ipynb
[W 19:25:42.390 NotebookApp] Notebook scripts/perceptron_coding.ipynb is not trusted
[I 19:27:42.372 NotebookApp] Saving file at /scripts/perceptron_coding.ipynb
[W 19:27:42.373 NotebookApp] Notebook scripts/perceptron_coding.ipynb is not trusted
[I 19:29:42.390 NotebookApp] Saving file at /scripts/perceptron_coding.ipynb
[W 19:29:42.391 NotebookApp] Notebook scripts/perceptron_coding.ipynb is not trusted
[I 19:31:42.373 NotebookApp] Saving file at /scripts/perceptron_coding.ipynb
[W 19:31:42.373 NotebookApp] Notebook scripts/perceptron_coding.ipynb is not trusted
[I 19:33:42.402 NotebookApp] Saving file at /scripts/perceptron_coding.ipynb
[W 19:33:42.403 NotebookApp] Notebook scripts/perceptron_coding.ipynb is not trusted
[I 19:35:42.373 NotebookApp] Saving file at /scripts/perceptron_coding.ipynb
[W 19:35:42.373 NotebookApp] Notebook scripts/perceptron_coding.ipynb is not trusted
[I 19:37:42.410 NotebookApp] Saving file at /scripts/perceptron_coding.ipynb
[W 19:37:42.411 NotebookApp] Notebook scripts/perceptron_coding.ipynb is not trusted
[I 19:39:42.406 NotebookApp] Saving file at /scripts/perceptron_coding.ipynb
[W 19:39:42.407 NotebookApp] Notebook scripts/perceptron_coding.ipynb is not trusted
[I 19:41:42.414 NotebookApp] Saving file at /scripts/perceptron_coding.ipynb
[W 19:41:42.415 NotebookApp] Notebook scripts/perceptron_coding.ipynb is not trusted
[I 19:43:42.410 NotebookApp] Saving file at /scripts/perceptron_coding.ipynb
[W 19:43:42.411 NotebookApp] Notebook scripts/perceptron_coding.ipynb is not trusted
[I 19:45:42.418 NotebookApp] Saving file at /scripts/perceptron_coding.ipynb
[W 19:45:42.419 NotebookApp] Notebook scripts/perceptron_coding.ipynb is not trusted
[I 19:47:42.418 NotebookApp] Saving file at /scripts/perceptron_coding.ipynb
[W 19:47:42.419 NotebookApp] Notebook scripts/perceptron_coding.ipynb is not trusted
[I 19:49:42.402 NotebookApp] Saving file at /scripts/perceptron_coding.ipynb
[W 19:49:42.403 NotebookApp] Notebook scripts/perceptron_coding.ipynb is not trusted
[I 19:51:42.444 NotebookApp] Saving file at /scripts/perceptron_coding.ipynb
[W 19:51:42.445 NotebookApp] Notebook scripts/perceptron_coding.ipynb is not trusted
[I 21:21:20.607 NotebookApp] Starting buffering for b6bda3e7-bf3c-475f-ab81-58b2ab6fa243:94d455ba618146678755ada713ed4450
[I 00:48:56.724 NotebookApp] 302 GET / (127.0.0.1) 0.680000ms
[W 00:49:09.985 NotebookApp] Notebook scripts/perceptron_coding.ipynb is not trusted
[I 00:51:10.544 NotebookApp] Saving file at /scripts/perceptron_coding.ipynb
[W 00:51:10.546 NotebookApp] Notebook scripts/perceptron_coding.ipynb is not trusted
[I 00:53:10.513 NotebookApp] Saving file at /scripts/perceptron_coding.ipynb
[W 00:53:10.514 NotebookApp] Notebook scripts/perceptron_coding.ipynb is not trusted
[I 00:55:10.548 NotebookApp] Saving file at /scripts/perceptron_coding.ipynb
[W 00:55:10.549 NotebookApp] Notebook scripts/perceptron_coding.ipynb is not trusted
[I 00:58:02.300 NotebookApp] Saving file at /scripts/perceptron_coding.ipynb
[W 00:58:02.301 NotebookApp] Notebook scripts/perceptron_coding.ipynb is not trusted
[I 00:58:15.480 NotebookApp] Starting buffering for b6bda3e7-bf3c-475f-ab81-58b2ab6fa243:c2e23a54472e4e3f87c379a69f667763
[I 00:58:16.642 NotebookApp] Shutting down on /api/shutdown request.
[I 00:58:16.643 NotebookApp] Shutting down 1 kernel
[I 00:58:16.643 NotebookApp] Kernel shutdown: b6bda3e7-bf3c-475f-ab81-58b2ab6fa243
[I 00:58:17.056 NotebookApp] Shutting down 0 terminals
